{
  "meta": {
    "format": 2,
    "version": "7.5.1",
    "timestamp": "2024-05-16T09:02:31.114686",
    "branch_coverage": false,
    "show_contexts": false
  },
  "files": {
    "conftest.py": {
      "executed_lines": [1, 3, 4, 5, 7, 9, 12, 13, 18, 19],
      "summary": {
        "covered_lines": 10,
        "num_statements": 13,
        "percent_covered": 76.92307692307692,
        "percent_covered_display": "77",
        "missing_lines": 3,
        "excluded_lines": 0
      },
      "missing_lines": [14, 15, 20],
      "excluded_lines": []
    },
    "core/__init__.py": {
      "executed_lines": [0],
      "summary": {
        "covered_lines": 0,
        "num_statements": 0,
        "percent_covered": 100.0,
        "percent_covered_display": "100",
        "missing_lines": 0,
        "excluded_lines": 0
      },
      "missing_lines": [],
      "excluded_lines": []
    },
    "core/asgi.py": {
      "executed_lines": [],
      "summary": {
        "covered_lines": 0,
        "num_statements": 8,
        "percent_covered": 0.0,
        "percent_covered_display": "0",
        "missing_lines": 8,
        "excluded_lines": 0
      },
      "missing_lines": [1, 3, 4, 5, 6, 8, 10, 12],
      "excluded_lines": []
    },
    "core/settings.py": {
      "executed_lines": [
        1, 13, 14, 17, 19, 21, 22, 24, 25, 26, 27, 28, 29, 30, 32, 33, 34, 35,
        38, 45, 48, 50, 55, 74, 85, 87, 103, 104, 109, 110, 111, 122, 128, 147,
        149, 151, 153, 159, 160, 161, 166, 168, 170, 177, 182, 207
      ],
      "summary": {
        "covered_lines": 45,
        "num_statements": 45,
        "percent_covered": 100.0,
        "percent_covered_display": "100",
        "missing_lines": 0,
        "excluded_lines": 0
      },
      "missing_lines": [],
      "excluded_lines": []
    },
    "core/urls.py": {
      "executed_lines": [1, 2, 3, 5, 8, 12],
      "summary": {
        "covered_lines": 6,
        "num_statements": 7,
        "percent_covered": 85.71428571428571,
        "percent_covered_display": "86",
        "missing_lines": 1,
        "excluded_lines": 0
      },
      "missing_lines": [9],
      "excluded_lines": []
    },
    "core/wsgi.py": {
      "executed_lines": [],
      "summary": {
        "covered_lines": 0,
        "num_statements": 4,
        "percent_covered": 0.0,
        "percent_covered_display": "0",
        "missing_lines": 4,
        "excluded_lines": 0
      },
      "missing_lines": [10, 12, 14, 16],
      "excluded_lines": []
    },
    "manage.py": {
      "executed_lines": [],
      "summary": {
        "covered_lines": 0,
        "num_statements": 12,
        "percent_covered": 0.0,
        "percent_covered_display": "0",
        "missing_lines": 12,
        "excluded_lines": 0
      },
      "missing_lines": [2, 4, 5, 8, 10, 11, 12, 13, 14, 19, 22, 23],
      "excluded_lines": []
    },
    "templates/__init__.py": {
      "executed_lines": [],
      "summary": {
        "covered_lines": 0,
        "num_statements": 0,
        "percent_covered": 100.0,
        "percent_covered_display": "100",
        "missing_lines": 0,
        "excluded_lines": 0
      },
      "missing_lines": [],
      "excluded_lines": []
    },
    "todo/__init__.py": {
      "executed_lines": [0],
      "summary": {
        "covered_lines": 0,
        "num_statements": 0,
        "percent_covered": 100.0,
        "percent_covered_display": "100",
        "missing_lines": 0,
        "excluded_lines": 0
      },
      "missing_lines": [],
      "excluded_lines": []
    },
    "todo/admin.py": {
      "executed_lines": [1, 3, 5],
      "summary": {
        "covered_lines": 3,
        "num_statements": 3,
        "percent_covered": 100.0,
        "percent_covered_display": "100",
        "missing_lines": 0,
        "excluded_lines": 0
      },
      "missing_lines": [],
      "excluded_lines": []
    },
    "todo/api/__init__.py": {
      "executed_lines": [0],
      "summary": {
        "covered_lines": 0,
        "num_statements": 0,
        "percent_covered": 100.0,
        "percent_covered_display": "100",
        "missing_lines": 0,
        "excluded_lines": 0
      },
      "missing_lines": [],
      "excluded_lines": []
    },
    "todo/api/serializers.py": {
      "executed_lines": [
        1, 3, 6, 7, 8, 9, 11, 15, 16, 18, 21, 22, 23, 24, 26, 30, 31, 32, 33,
        35, 39
      ],
      "summary": {
        "covered_lines": 21,
        "num_statements": 21,
        "percent_covered": 100.0,
        "percent_covered_display": "100",
        "missing_lines": 0,
        "excluded_lines": 0
      },
      "missing_lines": [],
      "excluded_lines": []
    },
    "todo/api/urls.py": {
      "executed_lines": [1, 3, 5, 6],
      "summary": {
        "covered_lines": 4,
        "num_statements": 4,
        "percent_covered": 100.0,
        "percent_covered_display": "100",
        "missing_lines": 0,
        "excluded_lines": 0
      },
      "missing_lines": [],
      "excluded_lines": []
    },
    "todo/api/views.py": {
      "executed_lines": [
        1, 2, 3, 4, 6, 7, 10, 11, 12, 13, 15, 16, 18, 20, 21, 22, 27, 28, 29,
        30, 32, 33, 35, 37, 38, 39, 43, 45, 46, 49
      ],
      "summary": {
        "covered_lines": 30,
        "num_statements": 30,
        "percent_covered": 100.0,
        "percent_covered_display": "100",
        "missing_lines": 0,
        "excluded_lines": 0
      },
      "missing_lines": [],
      "excluded_lines": []
    },
    "todo/apps.py": {
      "executed_lines": [1, 4, 5, 6],
      "summary": {
        "covered_lines": 4,
        "num_statements": 4,
        "percent_covered": 100.0,
        "percent_covered_display": "100",
        "missing_lines": 0,
        "excluded_lines": 0
      },
      "missing_lines": [],
      "excluded_lines": []
    },
    "todo/consumers.py": {
      "executed_lines": [],
      "summary": {
        "covered_lines": 0,
        "num_statements": 12,
        "percent_covered": 0.0,
        "percent_covered_display": "0",
        "missing_lines": 12,
        "excluded_lines": 0
      },
      "missing_lines": [1, 3, 6, 7, 9, 10, 12, 14, 16, 18, 20, 22],
      "excluded_lines": []
    },
    "todo/fixtures.py": {
      "executed_lines": [
        1, 2, 3, 4, 6, 9, 10, 11, 12, 13, 16, 17, 18, 19, 20, 21, 24, 25, 26
      ],
      "summary": {
        "covered_lines": 19,
        "num_statements": 19,
        "percent_covered": 100.0,
        "percent_covered_display": "100",
        "missing_lines": 0,
        "excluded_lines": 0
      },
      "missing_lines": [],
      "excluded_lines": []
    },
    "todo/migrations/0001_initial.py": {
      "executed_lines": [3, 4, 5, 8, 9, 11, 15],
      "summary": {
        "covered_lines": 7,
        "num_statements": 7,
        "percent_covered": 100.0,
        "percent_covered_display": "100",
        "missing_lines": 0,
        "excluded_lines": 0
      },
      "missing_lines": [],
      "excluded_lines": []
    },
    "todo/migrations/0002_remove_todo_user.py": {
      "executed_lines": [3, 6, 7, 11],
      "summary": {
        "covered_lines": 4,
        "num_statements": 4,
        "percent_covered": 100.0,
        "percent_covered_display": "100",
        "missing_lines": 0,
        "excluded_lines": 0
      },
      "missing_lines": [],
      "excluded_lines": []
    },
    "todo/migrations/0003_todo_user.py": {
      "executed_lines": [3, 4, 5, 8, 9, 14],
      "summary": {
        "covered_lines": 6,
        "num_statements": 6,
        "percent_covered": 100.0,
        "percent_covered_display": "100",
        "missing_lines": 0,
        "excluded_lines": 0
      },
      "missing_lines": [],
      "excluded_lines": []
    },
    "todo/migrations/__init__.py": {
      "executed_lines": [0],
      "summary": {
        "covered_lines": 0,
        "num_statements": 0,
        "percent_covered": 100.0,
        "percent_covered_display": "100",
        "missing_lines": 0,
        "excluded_lines": 0
      },
      "missing_lines": [],
      "excluded_lines": []
    },
    "todo/models.py": {
      "executed_lines": [1, 2, 3, 5, 8, 9, 10, 11, 13],
      "summary": {
        "covered_lines": 9,
        "num_statements": 10,
        "percent_covered": 90.0,
        "percent_covered_display": "90",
        "missing_lines": 1,
        "excluded_lines": 0
      },
      "missing_lines": [14],
      "excluded_lines": []
    },
    "todo/routing.py": {
      "executed_lines": [],
      "summary": {
        "covered_lines": 0,
        "num_statements": 3,
        "percent_covered": 0.0,
        "percent_covered_display": "0",
        "missing_lines": 3,
        "excluded_lines": 0
      },
      "missing_lines": [1, 3, 5],
      "excluded_lines": []
    },
    "todo/urls.py": {
      "executed_lines": [1, 3, 5],
      "summary": {
        "covered_lines": 3,
        "num_statements": 3,
        "percent_covered": 100.0,
        "percent_covered_display": "100",
        "missing_lines": 0,
        "excluded_lines": 0
      },
      "missing_lines": [],
      "excluded_lines": []
    },
    "todo/utils.py": {
      "executed_lines": [1, 2, 5, 6, 7],
      "summary": {
        "covered_lines": 5,
        "num_statements": 5,
        "percent_covered": 100.0,
        "percent_covered_display": "100",
        "missing_lines": 0,
        "excluded_lines": 0
      },
      "missing_lines": [],
      "excluded_lines": []
    },
    "todo/views.py": {
      "executed_lines": [1, 2, 4, 5, 8, 9, 10, 11, 13, 16, 17, 18],
      "summary": {
        "covered_lines": 12,
        "num_statements": 12,
        "percent_covered": 100.0,
        "percent_covered_display": "100",
        "missing_lines": 0,
        "excluded_lines": 0
      },
      "missing_lines": [],
      "excluded_lines": []
    }
  },
  "totals": {
    "covered_lines": 188,
    "num_statements": 232,
    "percent_covered": 81.03448275862068,
    "percent_covered_display": "81",
    "missing_lines": 44,
    "excluded_lines": 0
  }
}
